folioreader/build/intermediates/manifest_merge_blame_file/debug/processDebugManifest/manifest-merger-blame-debug-report.txt
1<?xml version="1.0" encoding="utf-8"?>
2<manifest xmlns:android="http://schemas.android.com/apk/res/android"
3    xmlns:tools="http://schemas.android.com/tools"
4    package="com.folioreader" >
5
6    <uses-sdk
6-->BookFlex\folioreader\AndroidManifest.xml:9:5-88
7        android:minSdkVersion="21"
8        tools:overrideLibrary="org.readium.r2.streamer, org.readium.r2.shared" />
8-->BookFlex\folioreader\AndroidManifest.xml:9:15-85
9
10    <uses-permission android:name="android.permission.WRITE_EXTERNAL_STORAGE" />
10-->BookFlex\folioreader\AndroidManifest.xml:5:5-81
10-->BookFlex\folioreader\AndroidManifest.xml:5:22-78
11    <uses-permission android:name="android.permission.READ_EXTERNAL_STORAGE" />
11-->BookFlex\folioreader\AndroidManifest.xml:6:5-80
11-->BookFlex\folioreader\AndroidManifest.xml:6:22-77
12    <uses-permission android:name="android.permission.INTERNET" />
12-->BookFlex\folioreader\AndroidManifest.xml:7:5-67
12-->BookFlex\folioreader\AndroidManifest.xml:7:22-64
13
14    <application
14-->BookFlex\folioreader\AndroidManifest.xml:11:5-42:19
15        android:allowBackup="true"
15-->BookFlex\folioreader\AndroidManifest.xml:12:9-35
16        android:networkSecurityConfig="@xml/network_security_config"
16-->BookFlex\folioreader\AndroidManifest.xml:13:9-69
17        tools:replace="android:allowBackup" >
17-->BookFlex\folioreader\AndroidManifest.xml:14:9-44
18        <provider
18-->BookFlex\folioreader\AndroidManifest.xml:16:9-19:40
19            android:name="com.folioreader.AppContext"
19-->BookFlex\folioreader\AndroidManifest.xml:17:13-39
20            android:authorities="${applicationId}.provider.appcontext"
20-->BookFlex\folioreader\AndroidManifest.xml:18:13-71
21            android:exported="false" />
21-->BookFlex\folioreader\AndroidManifest.xml:19:13-37
22
23        <activity
23-->BookFlex\folioreader\AndroidManifest.xml:21:9-24:60
24            android:name="com.folioreader.ui.activity.FolioActivity"
24-->BookFlex\folioreader\AndroidManifest.xml:22:13-69
25            android:label="@string/app_name"
25-->BookFlex\folioreader\AndroidManifest.xml:23:13-45
26            android:theme="@style/FolioActivityDayTheme" />
26-->BookFlex\folioreader\AndroidManifest.xml:24:13-57
27        <activity
27-->BookFlex\folioreader\AndroidManifest.xml:26:9-28:59
28            android:name="com.folioreader.ui.activity.ContentHighlightActivity"
28-->BookFlex\folioreader\AndroidManifest.xml:27:13-80
29            android:theme="@style/AppTheme.NoActionBar" />
29-->BookFlex\folioreader\AndroidManifest.xml:28:13-56
30        <activity
30-->BookFlex\folioreader\AndroidManifest.xml:30:9-40:20
31            android:name="com.folioreader.ui.activity.SearchActivity"
31-->BookFlex\folioreader\AndroidManifest.xml:31:13-70
32            android:exported="true"
32-->BookFlex\folioreader\AndroidManifest.xml:32:13-36
33            android:launchMode="singleTop" >
33-->BookFlex\folioreader\AndroidManifest.xml:33:13-43
34            <intent-filter>
34-->BookFlex\folioreader\AndroidManifest.xml:34:13-36:29
35                <action android:name="android.intent.action.SEARCH" />
35-->BookFlex\folioreader\AndroidManifest.xml:35:17-71
35-->BookFlex\folioreader\AndroidManifest.xml:35:25-68
36            </intent-filter>
37
38            <meta-data
38-->BookFlex\folioreader\AndroidManifest.xml:37:13-39:54
39                android:name="android.app.searchable"
39-->BookFlex\folioreader\AndroidManifest.xml:38:17-54
40                android:resource="@xml/searchable" />
40-->BookFlex\folioreader\AndroidManifest.xml:39:17-51
41        </activity>
42    </application>
43
44</manifest>